<?xml version="1.0" encoding="UTF-8"?>
<!-- Generated by org.testng.reporters.JUnitReportReporter -->
<testsuite hostname="DESKTOP-1KA5NS0" failures="0" tests="2" name="Baseclass" time="7.899" errors="0" timestamp="2023-10-30T10:23:03 IST" skipped="0">
  <testcase classname="Baseclass" name="data_filling" time="3.014"/>
  <testcase classname="Baseclass" name="data_filling" time="4.885"/>
</testsuite> <!-- Baseclass -->
