<?xml version="1.0" encoding="UTF-8"?>
<!-- Generated by org.testng.reporters.JUnitReportReporter -->
<testsuite hostname="DESKTOP-1KA5NS0" failures="0" tests="2" name="Baseclass" time="10.711" errors="0" timestamp="2023-10-17T11:43:14 IST" skipped="0">
  <testcase classname="Baseclass" name="data_filling" time="4.182"/>
  <testcase classname="Baseclass" name="data_filling" time="6.529"/>
</testsuite> <!-- Baseclass -->
